<?xml version="1.0" encoding="UTF-8"?>
<testng-results total="1" passed="1" failed="0" skipped="0">
  <reporter-output>
  </reporter-output>
  <suite started-at="2022-10-08T20:19:08Z" name="Default Suite" finished-at="2022-10-08T20:19:27Z" duration-ms="19122">
    <groups>
    </groups>
    <test started-at="2022-10-08T20:19:08Z" name="June22Automation" finished-at="2022-10-08T20:19:27Z" duration-ms="19122">
      <class name="com.envision.automation.tests.LaunchBrowserTest">
        <test-method is-config="true" signature="loadConfiguration()[pri:0, instance:com.envision.automation.tests.LaunchBrowserTest@4b553d26]" started-at="2022-10-08T16:19:08Z" name="loadConfiguration" finished-at="2022-10-08T16:19:08Z" duration-ms="5" status="PASS">
          <reporter-output>
          </reporter-output>
        </test-method> <!-- loadConfiguration -->
        <test-method is-config="true" signature="loadBrowser()[pri:0, instance:com.envision.automation.tests.LaunchBrowserTest@4b553d26]" started-at="2022-10-08T16:19:08Z" name="loadBrowser" finished-at="2022-10-08T16:19:12Z" duration-ms="3933" status="PASS">
          <reporter-output>
          </reporter-output>
        </test-method> <!-- loadBrowser -->
        <test-method signature="testLaunchBrowser()[pri:0, instance:com.envision.automation.tests.LaunchBrowserTest@4b553d26]" started-at="2022-10-08T16:19:12Z" name="testLaunchBrowser" finished-at="2022-10-08T16:19:27Z" duration-ms="15001" status="PASS">
          <reporter-output>
          </reporter-output>
        </test-method> <!-- testLaunchBrowser -->
        <test-method is-config="true" signature="TearDownBrowser()[pri:0, instance:com.envision.automation.tests.LaunchBrowserTest@4b553d26]" started-at="2022-10-08T16:19:27Z" name="TearDownBrowser" finished-at="2022-10-08T16:19:27Z" duration-ms="185" status="PASS">
          <reporter-output>
          </reporter-output>
        </test-method> <!-- TearDownBrowser -->
        <test-method is-config="true" signature="tearDownConfigurations()[pri:0, instance:com.envision.automation.tests.LaunchBrowserTest@4b553d26]" started-at="2022-10-08T16:19:27Z" name="tearDownConfigurations" finished-at="2022-10-08T16:19:27Z" duration-ms="0" status="PASS">
          <reporter-output>
          </reporter-output>
        </test-method> <!-- tearDownConfigurations -->
      </class> <!-- com.envision.automation.tests.LaunchBrowserTest -->
    </test> <!-- June22Automation -->
  </suite> <!-- Default Suite -->
</testng-results>
